# M3-UT ユニットテストとインライン同期（タスク 3.1, 3.2, 3.4）
# 実施日時: 2026-08-08 23:54 JST
# コマンド: pytest tests/test_metrics_logger.py tests/test_lambda_inline_sync.py tests/test_templates.py -v

============================= test session starts ==============================
platform darwin -- Python 3.11.15, pytest-9.1.1, pluggy-1.6.0 -- /Users/shiraiyuuji/Workspace/Private/GitRepo/jaws-ug-iot-handson-2026/scripts/session-03/.venv/bin/python3
cachedir: .pytest_cache
rootdir: /Users/shiraiyuuji/Workspace/Private/GitRepo/jaws-ug-iot-handson-2026/scripts/session-03
configfile: pytest.ini
collecting ... collected 29 items

tests/test_metrics_logger.py::TestNormalizeRecord::test_extracts_all_fields PASSED [  3%]
tests/test_metrics_logger.py::TestNormalizeRecord::test_missing_fields_are_none PASSED [  6%]
tests/test_metrics_logger.py::TestHasRequiredFields::test_all_present PASSED [ 10%]
tests/test_metrics_logger.py::TestHasRequiredFields::test_missing_cpu PASSED [ 13%]
tests/test_metrics_logger.py::TestHasRequiredFields::test_missing_deviceId PASSED [ 17%]
tests/test_metrics_logger.py::TestHandler::test_normal_event_info_log PASSED [ 20%]
tests/test_metrics_logger.py::TestHandler::test_missing_cpu_warn_no_exception PASSED [ 24%]
tests/test_metrics_logger.py::TestHandler::test_invalid_type_no_crash PASSED [ 27%]
tests/test_metrics_logger.py::TestHandler::test_output_is_parseable_json PASSED [ 31%]
tests/test_metrics_logger.py::TestHandler::test_empty_event_warn PASSED  [ 34%]
tests/test_metrics_logger.py::TestHandler::test_topic_included_in_info_log PASSED [ 37%]
tests/test_lambda_inline_sync.py::TestLambdaInlineSync::test_inline_code_matches_source PASSED [ 41%]
tests/test_templates.py::TestCfnLint::test_cfn_lint_passes[basic] PASSED [ 44%]
tests/test_templates.py::TestCfnLint::test_cfn_lint_passes[lambda] PASSED [ 48%]
tests/test_templates.py::TestCfnLint::test_cfn_lint_passes[alarm] PASSED [ 51%]
tests/test_templates.py::TestBasicTemplate::test_has_two_cloudwatch_metric_actions PASSED [ 55%]
tests/test_templates.py::TestBasicTemplate::test_sql_version_2016 PASSED [ 58%]
tests/test_templates.py::TestBasicTemplate::test_rule_name_valid_chars PASSED [ 62%]
tests/test_templates.py::TestBasicTemplate::test_has_error_action PASSED [ 65%]
tests/test_templates.py::TestBasicTemplate::test_required_outputs PASSED [ 68%]
tests/test_templates.py::TestBasicTemplate::test_device_number_pattern PASSED [ 72%]
tests/test_templates.py::TestLambdaTemplate::test_has_lambda_permission PASSED [ 75%]
tests/test_templates.py::TestLambdaTemplate::test_log_retention_3_days PASSED [ 79%]
tests/test_templates.py::TestLambdaTemplate::test_has_error_action PASSED [ 82%]
tests/test_templates.py::TestAlarmTemplate::test_treat_missing_data_specified PASSED [ 86%]
tests/test_templates.py::TestAlarmTemplate::test_period_at_least_60 PASSED [ 89%]
tests/test_templates.py::TestAlarmTemplate::test_email_allowed_pattern PASSED [ 93%]
tests/test_templates.py::TestAlarmTemplate::test_required_outputs PASSED [ 96%]
tests/test_templates.py::TestAlarmTemplate::test_has_condition_for_ok_actions PASSED [100%]

============================== 29 passed in 1.86s ==============================
